2016-05-23 16:00:03,736 [main] ERROR StackTrace  - Full Stack Trace:
java.lang.Exception: No tests found matching grails test target pattern filter from org.junit.runner.Request$1@2274160
	at org.junit.internal.requests.FilterRequest.getRunner(FilterRequest.java:40)
	at org.junit.runner.JUnitCore.run(JUnitCore.java:115)
	at org.junit.runner.JUnitCore$run$0.call(Unknown Source)
	at org.codehaus.groovy.runtime.callsite.CallSiteArray.defaultCall(CallSiteArray.java:45)
	at org.codehaus.groovy.runtime.callsite.AbstractCallSite.call(AbstractCallSite.java:110)
	at org.codehaus.groovy.runtime.callsite.AbstractCallSite.call(AbstractCallSite.java:122)
	at org.codehaus.groovy.grails.test.spock.GrailsSpecTestType.doRun(GrailsSpecTestType.groovy:147)
	at org.codehaus.groovy.grails.test.support.GrailsTestTypeSupport.run(GrailsTestTypeSupport.groovy:121)
	at org.codehaus.groovy.grails.test.runner.GrailsProjectTestRunner.runTests(GrailsProjectTestRunner.groovy:416)
	at org.codehaus.groovy.grails.test.runner.GrailsProjectTestRunner.processTests(GrailsProjectTestRunner.groovy:396)
	at sun.reflect.NativeMethodAccessorImpl.invoke0(Native Method)
	at sun.reflect.NativeMethodAccessorImpl.invoke(NativeMethodAccessorImpl.java:62)
	at sun.reflect.DelegatingMethodAccessorImpl.invoke(DelegatingMethodAccessorImpl.java:43)
	at java.lang.reflect.Method.invoke(Method.java:498)
	at org.springsource.loaded.ri.ReflectiveInterceptor.jlrMethodInvoke(ReflectiveInterceptor.java:1270)
	at org.codehaus.groovy.reflection.CachedMethod.invoke(CachedMethod.java:90)
	at groovy.lang.MetaMethod.doMethodInvoke(MetaMethod.java:324)
	at groovy.lang.MetaClassImpl.invokeMethod(MetaClassImpl.java:1207)
	at groovy.lang.ExpandoMetaClass.invokeMethod(ExpandoMetaClass.java:1121)
	at groovy.lang.MetaClassImpl.invokeMethod(MetaClassImpl.java:1016)
	at groovy.lang.MetaClassImpl.invokeMethod(MetaClassImpl.java:1152)
	at groovy.lang.ExpandoMetaClass.invokeMethod(ExpandoMetaClass.java:1121)
	at groovy.lang.MetaClassImpl.invokeMethod(MetaClassImpl.java:1016)
	at org.codehaus.groovy.runtime.callsite.PogoMetaClassSite.callCurrent(PogoMetaClassSite.java:66)
	at org.codehaus.groovy.runtime.callsite.CallSiteArray.defaultCallCurrent(CallSiteArray.java:49)
	at org.codehaus.groovy.runtime.callsite.AbstractCallSite.callCurrent(AbstractCallSite.java:151)
	at org.codehaus.groovy.runtime.callsite.AbstractCallSite.callCurrent(AbstractCallSite.java:163)
	at org.codehaus.groovy.grails.test.runner.GrailsProjectTestRunner$_runAllTests_closure7.doCall(GrailsProjectTestRunner.groovy:314)
	at sun.reflect.NativeMethodAccessorImpl.invoke0(Native Method)
	at sun.reflect.NativeMethodAccessorImpl.invoke(NativeMethodAccessorImpl.java:62)
	at sun.reflect.DelegatingMethodAccessorImpl.invoke(DelegatingMethodAccessorImpl.java:43)
	at java.lang.reflect.Method.invoke(Method.java:498)
	at org.springsource.loaded.ri.ReflectiveInterceptor.jlrMethodInvoke(ReflectiveInterceptor.java:1270)
	at org.codehaus.groovy.reflection.CachedMethod.invoke(CachedMethod.java:90)
	at groovy.lang.MetaMethod.doMethodInvoke(MetaMethod.java:324)
	at groovy.lang.MetaClassImpl.invokeMethod(MetaClassImpl.java:1207)
	at groovy.lang.ExpandoMetaClass.invokeMethod(ExpandoMetaClass.java:1121)
	at groovy.lang.MetaClassImpl.invokeMethod(MetaClassImpl.java:1016)
	at groovy.lang.Closure.call(Closure.java:423)
	at org.codehaus.groovy.runtime.DefaultGroovyMethods.callClosureForMapEntry(DefaultGroovyMethods.java:5223)
	at org.codehaus.groovy.runtime.DefaultGroovyMethods.each(DefaultGroovyMethods.java:2104)
	at org.codehaus.groovy.runtime.dgm$163.invoke(Unknown Source)
	at org.codehaus.groovy.runtime.callsite.PojoMetaMethodSite$PojoMetaMethodSiteNoUnwrapNoCoerce.invoke(PojoMetaMethodSite.java:271)
	at org.codehaus.groovy.runtime.callsite.PojoMetaMethodSite.call(PojoMetaMethodSite.java:53)
	at org.codehaus.groovy.runtime.callsite.CallSiteArray.defaultCall(CallSiteArray.java:45)
	at org.codehaus.groovy.runtime.callsite.AbstractCallSite.call(AbstractCallSite.java:110)
	at org.codehaus.groovy.runtime.callsite.AbstractCallSite.call(AbstractCallSite.java:122)
	at org.codehaus.groovy.grails.test.runner.GrailsProjectTestRunner.runAllTests(GrailsProjectTestRunner.groovy:300)
	at org.codehaus.groovy.grails.test.runner.GrailsProjectTestRunner.runAllTests(GrailsProjectTestRunner.groovy:215)
	at org.codehaus.groovy.grails.test.runner.GrailsProjectTestRunner.runAllTests(GrailsProjectTestRunner.groovy)
	at org.codehaus.groovy.grails.test.runner.GrailsProjectTestRunner$runAllTests$0.call(Unknown Source)
	at org.codehaus.groovy.runtime.callsite.CallSiteArray.defaultCall(CallSiteArray.java:45)
	at org.codehaus.groovy.runtime.callsite.AbstractCallSite.call(AbstractCallSite.java:110)
	at org.codehaus.groovy.runtime.callsite.AbstractCallSite.call(AbstractCallSite.java:122)
	at org.codehaus.groovy.grails.cli.fork.testing.ForkedGrailsTestRunner.runInstance(ForkedGrailsTestRunner.groovy:128)
	at org.codehaus.groovy.grails.cli.fork.ForkedGrailsProjectClassExecutor.run(ForkedGrailsProjectClassExecutor.groovy:74)
	at org.codehaus.groovy.grails.cli.fork.testing.ForkedGrailsTestRunner.main(ForkedGrailsTestRunner.groovy:75)
2016-05-23 16:00:03,771 [main] ERROR StackTrace  - Full Stack Trace:
java.lang.Exception: No tests found matching grails test target pattern filter from org.junit.runner.Request$1@2274160
	at org.junit.internal.requests.FilterRequest.getRunner(FilterRequest.java:40)
	at org.junit.runner.JUnitCore.run(JUnitCore.java:115)
2016-05-23 16:00:03,778 [main] ERROR StackTrace  - Full Stack Trace:
java.lang.Exception: No tests found matching grails test target pattern filter from org.junit.runner.Request$1@2274160
	at org.junit.internal.requests.FilterRequest.getRunner(FilterRequest.java:40)
	at org.junit.runner.JUnitCore.run(JUnitCore.java:115)
2016-05-23 16:00:03,778 [main] ERROR StackTrace  - Full Stack Trace:
java.lang.Exception: No tests found matching grails test target pattern filter from org.junit.runner.Request$1@2274160
	at org.junit.internal.requests.FilterRequest.getRunner(FilterRequest.java:40)
	at org.junit.runner.JUnitCore.run(JUnitCore.java:115)
2016-05-23 16:00:03,800 [main] ERROR StackTrace  - Full Stack Trace:
java.lang.Exception: No tests found matching grails test target pattern filter from org.junit.runner.Request$1@2274160
	at org.junit.internal.requests.FilterRequest.getRunner(FilterRequest.java:40)
	at org.junit.runner.JUnitCore.run(JUnitCore.java:115)
2016-05-23 16:00:03,801 [main] ERROR StackTrace  - Full Stack Trace:
java.lang.Exception: No tests found matching grails test target pattern filter from org.junit.runner.Request$1@2274160
	at org.junit.internal.requests.FilterRequest.getRunner(FilterRequest.java:40)
	at org.junit.runner.JUnitCore.run(JUnitCore.java:115)
2016-05-23 16:09:02,437 [main] ERROR StackTrace  - Full Stack Trace:
Condition not satisfied:

response.text == 'Hello World! this is rajat learning grails'
|        |    |
|        ""   false
|             42 differences (0% similarity)
|             (------------------------------------------)
|             (Hello World! this is rajat learning grails)
org.codehaus.groovy.grails.plugins.testing.GrailsMockHttpServletResponse@245cb8df

	at test.FormControllerSpec.test form(FormControllerSpec.groovy:23)
2016-05-23 16:09:02,470 [main] ERROR StackTrace  - Full Stack Trace:
Condition not satisfied:

response.text == 'Hello World! this is rajat learning grails'
|        |    |
|        ""   false
|             42 differences (0% similarity)
|             (------------------------------------------)
|             (Hello World! this is rajat learning grails)
org.codehaus.groovy.grails.plugins.testing.GrailsMockHttpServletResponse@245cb8df

	at test.FormControllerSpec.test form(FormControllerSpec.groovy:23)
2016-05-23 16:09:02,486 [main] ERROR StackTrace  - Full Stack Trace:
junit.framework.AssertionFailedError: Condition not satisfied:

response.text == 'Hello World! this is rajat learning grails'
|        |    |
|        ""   false
|             42 differences (0% similarity)
|             (------------------------------------------)
|             (Hello World! this is rajat learning grails)
org.codehaus.groovy.grails.plugins.testing.GrailsMockHttpServletResponse@245cb8df

	at test.FormControllerSpec.test form(FormControllerSpec.groovy:23)
2016-05-23 16:09:02,488 [main] ERROR StackTrace  - Full Stack Trace:
junit.framework.AssertionFailedError: Condition not satisfied:

response.text == 'Hello World! this is rajat learning grails'
|        |    |
|        ""   false
|             42 differences (0% similarity)
|             (------------------------------------------)
|             (Hello World! this is rajat learning grails)
org.codehaus.groovy.grails.plugins.testing.GrailsMockHttpServletResponse@245cb8df

	at test.FormControllerSpec.test form(FormControllerSpec.groovy:23)
2016-05-23 16:09:02,605 [main] ERROR StackTrace  - Full Stack Trace:
junit.framework.AssertionFailedError: Condition not satisfied:

response.text == 'Hello World! this is rajat learning grails'
|        |    |
|        ""   false
|             42 differences (0% similarity)
|             (------------------------------------------)
|             (Hello World! this is rajat learning grails)
org.codehaus.groovy.grails.plugins.testing.GrailsMockHttpServletResponse@245cb8df

	at test.FormControllerSpec.test form(FormControllerSpec.groovy:23)
2016-05-23 16:09:02,606 [main] ERROR StackTrace  - Full Stack Trace:
junit.framework.AssertionFailedError: Condition not satisfied:

response.text == 'Hello World! this is rajat learning grails'
|        |    |
|        ""   false
|             42 differences (0% similarity)
|             (------------------------------------------)
|             (Hello World! this is rajat learning grails)
org.codehaus.groovy.grails.plugins.testing.GrailsMockHttpServletResponse@245cb8df

	at test.FormControllerSpec.test form(FormControllerSpec.groovy:23)
